<?xml version="1.0" encoding="UTF-8"?>
<testsuite name="io.github.angrybirdsjava.JunitTests.BirdCheck" tests="1" skipped="0" failures="0" errors="0" timestamp="2024-11-27T14:34:35" hostname="Nipuns-MacBook-Air.local" time="0.009">
  <properties/>
  <testcase name="test" classname="io.github.angrybirdsjava.JunitTests.BirdCheck" time="0.009"/>
  <system-out><![CDATA[]]></system-out>
  <system-err><![CDATA[]]></system-err>
</testsuite>
