<?xml version="1.0" encoding="UTF-8"?>
<testsuite name="io.github.angrybirdsjava.ShowMessageTest" tests="1" skipped="0" failures="0" errors="0" timestamp="2024-11-27T14:01:44" hostname="Nipuns-MacBook-Air.local" time="0.0">
  <properties/>
  <testcase name="test" classname="io.github.angrybirdsjava.ShowMessageTest" time="0.0"/>
  <system-out><![CDATA[]]></system-out>
  <system-err><![CDATA[]]></system-err>
</testsuite>
